TN:
SF:src\lib\partly-covered\utils.ts
FN:2,formatReportScore
FN:6,calcDuration
FNF:2
FNH:1
FNDA:0,formatReportScore
FNDA:6,calcDuration
DA:1,1
DA:2,1
DA:3,1
DA:4,1
DA:5,1
DA:6,1
DA:7,0
DA:8,0
DA:9,0
DA:10,1
LF:10
LH:7
BRDA:1,0,0,6
BRDA:1,1,0,5
BRDA:2,4,0,1
BRDA:4,5,0,17
BRDA:5,6,0,4
BRDA:6,7,0,13
BRDA:6,10,1,0
BRDA:7,11,0,3
BRDA:10,12,0,12
BRDA:10,13,1,0
BRF:10
BRH:8
end_of_record
SF:src\lib\not-covered\sorting.ts
FN:1,sortReport
FNF:1
FNH:0
FNDA:0,sortReport
DA:1,0
DA:2,0
DA:3,0
DA:4,0
DA:5,0
LF:5
LH:0
BRDA:7,1,0,0
BRDA:7,2,1,0
BRF:2
BRH:0
end_of_record
TN:
SF:src\lib\fully-covered\scoring.ts
FN:2,scoreReport
FN:8,calculateScore
FNF:2
FNH:2
FNDA:3,scoreReport
FNDA:5,calculateScore
DA:1,1
DA:2,1
DA:3,1
DA:4,1
DA:5,1
DA:6,1
DA:7,1
DA:8,1
DA:9,1
DA:10,1
LF:10
LH:10
BRDA:1,0,0,5
BRDA:2,1,0,1
BRDA:2,2,1,4
BRDA:2,3,2,3
BRDA:6,4,0,4
BRF:5
BRH:5
end_of_record
